\BOOKMARK [0][-]{chapter.1}{What is Geometric Algebra?}{}% 1
\BOOKMARK [1][-]{section.1.1}{Representation of Multivectors in sympy}{chapter.1}% 2
\BOOKMARK [1][-]{section.1.2}{Vector Basis and Metric}{chapter.1}% 3
\BOOKMARK [1][-]{section.1.3}{Representation and Reduction of Multivector Bases}{chapter.1}% 4
\BOOKMARK [1][-]{section.1.4}{Base Representation of Multivectors}{chapter.1}% 5
\BOOKMARK [1][-]{section.1.5}{Blade Representation of Multivectors}{chapter.1}% 6
\BOOKMARK [1][-]{section.1.6}{Outer and Inner Products, Left and Right Contractions}{chapter.1}% 7
\BOOKMARK [1][-]{section.1.7}{Reverse of Multivector}{chapter.1}% 8
\BOOKMARK [1][-]{section.1.8}{Reciprocal Frames}{chapter.1}% 9
\BOOKMARK [1][-]{section.1.9}{Manifolds and Submanifolds}{chapter.1}% 10
\BOOKMARK [1][-]{section.1.10}{Geometric Derivative}{chapter.1}% 11
\BOOKMARK [2][-]{subsection.1.10.1}{Geometric Derivative on a Manifold}{section.1.10}% 12
\BOOKMARK [2][-]{subsection.1.10.2}{Normalizing Basis for Derivatives}{section.1.10}% 13
\BOOKMARK [2][-]{subsection.1.10.3}{Linear Differential Operators}{section.1.10}% 14
\BOOKMARK [1][-]{section.1.11}{Linear Transformations/Outermorphisms}{chapter.1}% 15
\BOOKMARK [1][-]{section.1.12}{Multilinear Functions \(Tensors\)}{chapter.1}% 16
\BOOKMARK [2][-]{subsection.1.12.1}{Multiliner Functions}{section.1.12}% 17
\BOOKMARK [2][-]{subsection.1.12.2}{Algebraic Operations}{section.1.12}% 18
\BOOKMARK [2][-]{subsection.1.12.3}{Covariant, Contravariant, and Mixed Representations}{section.1.12}% 19
\BOOKMARK [2][-]{subsection.1.12.4}{Contraction and Differentiation}{section.1.12}% 20
\BOOKMARK [2][-]{subsection.1.12.5}{From Vector to Tensor}{section.1.12}% 21
\BOOKMARK [2][-]{subsection.1.12.6}{Parallel Transport and Covariant Deriviatives}{section.1.12}% 22
\BOOKMARK [0][-]{chapter.2}{Module Components}{}% 23
\BOOKMARK [1][-]{section.2.1}{Instantiating a Geometric Algebra}{chapter.2}% 24
\BOOKMARK [1][-]{section.2.2}{Instantiating a Multivector}{chapter.2}% 25
\BOOKMARK [1][-]{section.2.3}{Basic Multivector Class Functions}{chapter.2}% 26
\BOOKMARK [1][-]{section.2.4}{Basic Multivector Functions}{chapter.2}% 27
\BOOKMARK [1][-]{section.2.5}{Multivector Derivatives}{chapter.2}% 28
\BOOKMARK [1][-]{section.2.6}{Submanifolds}{chapter.2}% 29
\BOOKMARK [1][-]{section.2.7}{Linear Transformations}{chapter.2}% 30
\BOOKMARK [1][-]{section.2.8}{Differential Operators}{chapter.2}% 31
\BOOKMARK [1][-]{section.2.9}{Instantiating a Multi-linear Functions \(Tensors\)}{chapter.2}% 32
\BOOKMARK [1][-]{section.2.10}{Basic Multilinear Function Class Functions}{chapter.2}% 33
\BOOKMARK [1][-]{section.2.11}{Standard Printing}{chapter.2}% 34
\BOOKMARK [1][-]{section.2.12}{Latex Printing}{chapter.2}% 35
